<?xml version="1.0" encoding="UTF-8"?>
<testng-results ignored="0" total="1" passed="1" failed="0" skipped="0">
  <reporter-output>
  </reporter-output>
  <suite started-at="2023-12-16T12:11:00 IST" name="Default suite" finished-at="2023-12-16T12:11:04 IST" duration-ms="4465">
    <groups>
    </groups>
    <test started-at="2023-12-16T12:11:00 IST" name="Default test" finished-at="2023-12-16T12:11:04 IST" duration-ms="4465">
      <class name="demo.CreateContactlistTest">
        <test-method signature="m1Test()[pri:0, instance:demo.CreateContactlistTest@1f2586d6]" started-at="2023-12-16T12:11:00 IST" name="m1Test" finished-at="2023-12-16T12:11:04 IST" duration-ms="4428" status="PASS">
          <reporter-output>
          </reporter-output>
        </test-method> <!-- m1Test -->
      </class> <!-- demo.CreateContactlistTest -->
    </test> <!-- Default test -->
  </suite> <!-- Default suite -->
</testng-results>
